#
# A fatal error has been detected by the Java Runtime Environment:
#
#  SIGSEGV (0xb) at pc=0x0000000128a903fd, pid=5712, tid=1811
#
# JRE version: Java(TM) SE Runtime Environment (8.0_25-b17) (build 1.8.0_25-b17)
# Java VM: Java HotSpot(TM) 64-Bit Server VM (25.25-b02 mixed mode bsd-amd64 compressed oops)
# Problematic frame:
# C  [libglass.dylib+0x163fd]  GlassScreenDidChangeScreenParameters+0x9d
#
# Failed to write core dump. Core dumps have been disabled. To enable core dumping, try "ulimit -c unlimited" before starting Java again
#
# If you would like to submit a bug report, please visit:
#   http://bugreport.sun.com/bugreport/crash.jsp
#

---------------  T H R E A D  ---------------

Current thread is native thread

siginfo: si_signo: 11 (SIGSEGV), si_code: 1 (SEGV_MAPERR), si_addr: 0x0000000000000000

Registers:
RAX=0x0000000128ac2e40, RBX=0x0000000000000000, RCX=0x3e00eee692337422, RDX=0x00007ffcf8763d10
RSP=0x00007fff5049f100, RBP=0x00007fff5049f110, RSI=0x00007ffcf8618708, RDI=0x0000000000000000
R8 =0x00007fff5049efb0, R9 =0x00007fff788f4300, R10=0x0000000000000000, R11=0x0000000000000246
R12=0x00007ffcf8704a30, R13=0x00000000000f4268, R14=0x00007ffcf8760120, R15=0x00007fff5049f250
RIP=0x0000000128a903fd, EFLAGS=0x0000000000010202, ERR=0x0000000000000004
  TRAPNO=0x000000000000000e

Top of Stack: (sp=0x00007fff5049f100)
0x00007fff5049f100:   00007fff5049f2e0 00007ffcf8760120
0x00007fff5049f110:   00007fff5049f120 00007fff95872cbc
0x00007fff5049f120:   00007fff5049f480 00007fff957641b4
0x00007fff5049f130:   00007ffcf86504c0 0000000000003200
0x00007fff5049f140:   000000010f778000 00007ffcf85fc080
0x00007fff5049f150:   0000000000001005 0000000000000288
0x00007fff5049f160:   0000000000000004 00007ffcf8760120
0x00007fff5049f170:   0000000000000000 00007fff5049f250
0x00007fff5049f180:   0000000000000000 00007ffcf87600e0
0x00007fff5049f190:   00007fff5049f2d0 000000000000001b
0x00007fff5049f1a0:   00000000000f4290 00007ffcfb212860
0x00007fff5049f1b0:   00007ffcf8739140 00007ffcf8704a30
0x00007fff5049f1c0:   0000000000000001 00000000000f4268
0x00007fff5049f1d0:   00007ffcf8704a20 00007fff8dda9acb
0x00007fff5049f1e0:   0000000000000001 0000000000000001
0x00007fff5049f1f0:   0000000000000030 0000000000000001
0x00007fff5049f200:   00007fff5049f220 00007fff8ddaf231
0x00007fff5049f210:   00007fff79bd9dd0 0000000000000000
0x00007fff5049f220:   00007fff5049f240 0000000000000004
0x00007fff5049f230:   00003e0300000000 00007ffcf8704a54
0x00007fff5049f240:   0000000000000000 00007fff95759c8f
0x00007fff5049f250:   00007ffcf8760120 00007fff79bd9dd0
0x00007fff5049f260:   00007fff5049f2e0 0000000000000001
0x00007fff5049f270:   00007fff5049f2b0 00007fff8dda953e
0x00007fff5049f280:   000000010f77ba00 0000000000000002
0x00007fff5049f290:   000000010f778000 00007ffcfb20ae72
0x00007fff5049f2a0:   0000000000000003 000000010f77ec00
0x00007fff5049f2b0:   00007fff5049f3a0 00007fff8dda82a2
0x00007fff5049f2c0:   00007ffcf8738dc0 00007fff5049f488
0x00007fff5049f2d0:   0000000000000017 0000000000000000
0x00007fff5049f2e0:   00000000000f4268 00007fff95759f83
0x00007fff5049f2f0:   00007fff00000000 00007ffcf86455f0 

Instructions: (pc=0x0000000128a903fd)
0x0000000128a903dd:   89 df 4c 89 f1 41 ff 90 68 04 00 00 48 8d 05 58
0x0000000128a903ed:   29 03 00 48 8b 30 48 8d 05 46 2a 03 00 48 8b 10
0x0000000128a903fd:   48 8b 0b 30 c0 48 89 df ff 91 68 04 00 00 48 8b
0x0000000128a9040d:   03 48 89 df ff 50 78 48 85 c0 74 36 49 89 c6 48 

Register to memory mapping:

RAX=0x0000000128ac2e40: jScreenNotifySettingsChanged+0 in /Library/Java/JavaVirtualMachines/jdk1.8.0_25.jdk/Contents/Home/jre/lib/libglass.dylib at 0x0000000128a7a000
RBX=0x0000000000000000 is an unknown value
RCX=0x3e00eee692337422 is an unknown value
RDX=0x00007ffcf8763d10 is an unknown value
RSP=0x00007fff5049f100 is an unknown value
RBP=0x00007fff5049f110 is an unknown value
RSI=0x00007ffcf8618708 is a global jni handle
RDI=0x0000000000000000 is an unknown value
R8 =0x00007fff5049efb0 is an unknown value
R9 =0x00007fff788f4300: _thread+0 in /usr/lib/system/libsystem_pthread.dylib at 0x00007fff8dd5d000
R10=0x0000000000000000 is an unknown value
R11=0x0000000000000246 is an unknown value
R12=0x00007ffcf8704a30 is an unknown value
R13=0x00000000000f4268 is an unknown value
R14=0x00007ffcf8760120 is an unknown value
R15=0x00007fff5049f250 is an unknown value


Stack: [0x00007fff4fca2000,0x00007fff504a2000],  sp=0x00007fff5049f100,  free space=8180k
Native frames: (J=compiled Java code, j=interpreted, Vv=VM code, C=native code)
C  [libglass.dylib+0x163fd]  GlassScreenDidChangeScreenParameters+0x9d
C  [CoreFoundation+0x11ecbc]  __CFNOTIFICATIONCENTER_IS_CALLING_OUT_TO_AN_OBSERVER__+0xc
C  [CoreFoundation+0x101b4]  _CFXNotificationPost+0xc44
C  [Foundation+0x2ea1]  -[NSNotificationCenter postNotificationName:object:userInfo:]+0x42
C  [AppKit+0x362dee]  -[NSApplication _reactToScreenInvalidationImmediately:]+0x17b
C  [AppKit+0x362c2d]  __44-[NSApplication _reactToScreenInvalidation:]_block_invoke+0x4b
C  [CoreFoundation+0x8054c]  __CFRUNLOOP_IS_CALLING_OUT_TO_A_BLOCK__+0xc
C  [CoreFoundation+0x72655]  __CFRunLoopDoBlocks+0x155
C  [CoreFoundation+0x72196]  __CFRunLoopRun+0x716
C  [CoreFoundation+0x71838]  CFRunLoopRunSpecific+0x128
C  [java+0x56cc]  CreateExecutionEnvironment+0x367
C  [java+0x165c]  JLI_Launch+0x7a0
C  [java+0x768a]  main+0x65
C  [java+0xeb4]  start+0x34


---------------  P R O C E S S  ---------------

VM state:at safepoint (normal execution)

VM Mutex/Monitor currently owned by a thread:  ([mutex/lock_event])
[0x00007ffcf8701990] Threads_lock - owner thread: 0x00007ffcf9856000

Heap:
 PSYoungGen      total 18944K, used 9558K [0x00000007aab00000, 0x00000007ac000000, 0x00000007c0000000)
  eden space 16384K, 58% used [0x00000007aab00000,0x00000007ab455870,0x00000007abb00000)
  from space 2560K, 0% used [0x00000007abd80000,0x00000007abd80000,0x00000007ac000000)
  to   space 2560K, 0% used [0x00000007abb00000,0x00000007abb00000,0x00000007abd80000)
 ParOldGen       total 44032K, used 0K [0x0000000780000000, 0x0000000782b00000, 0x00000007aab00000)
  object space 44032K, 0% used [0x0000000780000000,0x0000000780000000,0x0000000782b00000)
 Metaspace       used 6777K, capacity 7066K, committed 7296K, reserved 1056768K
  class space    used 765K, capacity 836K, committed 896K, reserved 1048576K

Card table byte_map: [0x0000000120cdc000,0x0000000120edd000] byte_map_base: 0x000000011d0dc000

Marking Bits: (ParMarkBitMap*) 0x000000011129d390
 Begin Bits: [0x000000012184b000, 0x000000012284b000)
 End Bits:   [0x000000012284b000, 0x000000012384b000)

Polling page: 0x000000010f9b8000

CodeCache: size=245760Kb used=2028Kb max_used=2028Kb free=243731Kb
 bounds [0x000000011191c000, 0x0000000111b8c000, 0x000000012091c000]
 total_blobs=836 nmethods=453 adapters=298
 compilation: enabled

Compilation events (10 events):
Event: 1.195 Thread 0x00007ffcf900a800  442       3       sun.util.calendar.Gregorian::getCalendarDate (7 bytes)
Event: 1.195 Thread 0x00007ffcf900a800 nmethod 442 0x0000000111b15950 code [0x0000000111b15ae0, 0x0000000111b15dc8]
Event: 1.196 Thread 0x00007ffcf900a800  450       3       java.nio.Buffer::position (43 bytes)
Event: 1.196 Thread 0x00007ffcf900a800 nmethod 450 0x0000000111b15ed0 code [0x0000000111b16040, 0x0000000111b162e8]
Event: 1.196 Thread 0x00007ffcf900a800  451       3       java.nio.ByteBuffer::arrayOffset (35 bytes)
Event: 1.196 Thread 0x00007ffcf900a800 nmethod 451 0x0000000111b16390 code [0x0000000111b16520, 0x0000000111b16818]
Event: 1.196 Thread 0x00007ffcf900a800  452       3       java.nio.CharBuffer::arrayOffset (35 bytes)
Event: 1.197 Thread 0x00007ffcf900a800 nmethod 452 0x0000000111b16950 code [0x0000000111b16ae0, 0x0000000111b16dd8]
Event: 1.198 Thread 0x00007ffcf900a800  453       3       java.util.regex.Pattern::has (15 bytes)
Event: 1.198 Thread 0x00007ffcf900a800 nmethod 453 0x0000000111b16f10 code [0x0000000111b17080, 0x0000000111b17230]

GC Heap History (0 events):
No events

Deoptimization events (0 events):
No events

Internal exceptions (10 events):
Event: 1.053 Thread 0x00007ffcfa0a0800 Exception <a 'java/security/PrivilegedActionException'> (0x00000007ab373520) thrown at [/HUDSON3/workspace/8-2-build-macosx-x86_64/jdk8u25/1514/hotspot/src/share/vm/prims/jvm.cpp, line 1312]
Event: 1.055 Thread 0x00007ffcfa0a0800 Exception <a 'java/security/PrivilegedActionException'> (0x00000007ab3760d0) thrown at [/HUDSON3/workspace/8-2-build-macosx-x86_64/jdk8u25/1514/hotspot/src/share/vm/prims/jvm.cpp, line 1312]
Event: 1.085 Thread 0x00007ffcfa0a0800 Exception <a 'java/security/PrivilegedActionException'> (0x00000007ab39ea40) thrown at [/HUDSON3/workspace/8-2-build-macosx-x86_64/jdk8u25/1514/hotspot/src/share/vm/prims/jvm.cpp, line 1312]
Event: 1.086 Thread 0x00007ffcfa0a0800 Exception <a 'java/security/PrivilegedActionException'> (0x00000007ab3a5d88) thrown at [/HUDSON3/workspace/8-2-build-macosx-x86_64/jdk8u25/1514/hotspot/src/share/vm/prims/jvm.cpp, line 1312]
Event: 1.092 Thread 0x00007ffcfa0a0800 Exception <a 'java/security/PrivilegedActionException'> (0x00000007ab3ad530) thrown at [/HUDSON3/workspace/8-2-build-macosx-x86_64/jdk8u25/1514/hotspot/src/share/vm/prims/jvm.cpp, line 1312]
Event: 1.098 Thread 0x00007ffcfa0a0800 Exception <a 'java/security/PrivilegedActionException'> (0x00000007ab3c8fb8) thrown at [/HUDSON3/workspace/8-2-build-macosx-x86_64/jdk8u25/1514/hotspot/src/share/vm/prims/jvm.cpp, line 1312]
Event: 1.099 Thread 0x00007ffcfa0a0800 Exception <a 'java/security/PrivilegedActionException'> (0x00000007ab3cb738) thrown at [/HUDSON3/workspace/8-2-build-macosx-x86_64/jdk8u25/1514/hotspot/src/share/vm/prims/jvm.cpp, line 1312]
Event: 1.110 Thread 0x00007ffcfa0a0800 Exception <a 'java/lang/ArrayIndexOutOfBoundsException': 1> (0x00000007ab3e2c90) thrown at [/HUDSON3/workspace/8-2-build-macosx-x86_64/jdk8u25/1514/hotspot/src/share/vm/interpreter/interpreterRuntime.cpp, line 366]
Event: 1.110 Thread 0x00007ffcfa0a0800 Exception <a 'java/lang/reflect/InvocationTargetException'> (0x00000007ab3e2e40) thrown at [/HUDSON3/workspace/8-2-build-macosx-x86_64/jdk8u25/1514/hotspot/src/share/vm/runtime/reflection.cpp, line 1080]
Event: 1.194 Thread 0x00007ffcfa800000 Exception <a 'java/lang/reflect/InvocationTargetException'> (0x00000007ab070ee8) thrown at [/HUDSON3/workspace/8-2-build-macosx-x86_64/jdk8u25/1514/hotspot/src/share/vm/runtime/reflection.cpp, line 1080]

Events (10 events):
Event: 1.199 loading class java/util/Formatter$Flags done
Event: 1.199 loading class java/util/Formatter$Conversion
Event: 1.199 loading class java/util/Formatter$Conversion done
Event: 1.199 loading class java/util/Formattable
Event: 1.199 loading class java/util/Formattable done
Event: 1.199 loading class java/util/IdentityHashMap$KeyIterator
Event: 1.199 loading class java/util/IdentityHashMap$IdentityHashMapIterator
Event: 1.200 loading class java/util/IdentityHashMap$IdentityHashMapIterator done
Event: 1.200 loading class java/util/IdentityHashMap$KeyIterator done
Event: 1.200 Executing VM operation: Exit


Dynamic libraries:
0x00000000079a1000 	/System/Library/Frameworks/Cocoa.framework/Versions/A/Cocoa
0x00000000079a1000 	/System/Library/Frameworks/Security.framework/Versions/A/Security
0x00000000079a1000 	/System/Library/Frameworks/ApplicationServices.framework/Versions/A/ApplicationServices
0x00000000079a1000 	/usr/lib/libz.1.dylib
0x00000000079a1000 	/usr/lib/libSystem.B.dylib
0x00000000079a1000 	/usr/lib/libobjc.A.dylib
0x00000000079a1000 	/System/Library/Frameworks/CoreFoundation.framework/Versions/A/CoreFoundation
0x00000000079a1000 	/System/Library/Frameworks/Foundation.framework/Versions/C/Foundation
0x00000000079a1000 	/System/Library/Frameworks/AppKit.framework/Versions/C/AppKit
0x00000000079a1000 	/System/Library/Frameworks/CoreData.framework/Versions/A/CoreData
0x00000000079a1000 	/System/Library/PrivateFrameworks/RemoteViewServices.framework/Versions/A/RemoteViewServices
0x00000000079a1000 	/System/Library/PrivateFrameworks/UIFoundation.framework/Versions/A/UIFoundation
0x00000000079a1000 	/System/Library/Frameworks/IOSurface.framework/Versions/A/IOSurface
0x00000000079a1000 	/System/Library/Frameworks/AudioToolbox.framework/Versions/A/AudioToolbox
0x00000000079a1000 	/System/Library/Frameworks/AudioUnit.framework/Versions/A/AudioUnit
0x00000000079a1000 	/System/Library/PrivateFrameworks/DataDetectorsCore.framework/Versions/A/DataDetectorsCore
0x00000000079a1000 	/System/Library/PrivateFrameworks/DesktopServicesPriv.framework/Versions/A/DesktopServicesPriv
0x00000000079a1000 	/System/Library/Frameworks/Carbon.framework/Versions/A/Frameworks/HIToolbox.framework/Versions/A/HIToolbox
0x00000000079a1000 	/System/Library/Frameworks/QuartzCore.framework/Versions/A/QuartzCore
0x00000000079a1000 	/System/Library/Frameworks/Carbon.framework/Versions/A/Frameworks/SpeechRecognition.framework/Versions/A/SpeechRecognition
0x00000000079a1000 	/usr/lib/libauto.dylib
0x00000000079a1000 	/usr/lib/libicucore.A.dylib
0x00000000079a1000 	/usr/lib/libxml2.2.dylib
0x00000000079a1000 	/System/Library/PrivateFrameworks/CoreUI.framework/Versions/A/CoreUI
0x00000000079a1000 	/System/Library/Frameworks/CoreAudio.framework/Versions/A/CoreAudio
0x00000000079a1000 	/System/Library/Frameworks/DiskArbitration.framework/Versions/A/DiskArbitration
0x00000000079a1000 	/usr/lib/liblangid.dylib
0x00000000079a1000 	/System/Library/PrivateFrameworks/MultitouchSupport.framework/Versions/A/MultitouchSupport
0x00000000079a1000 	/System/Library/Frameworks/IOKit.framework/Versions/A/IOKit
0x00000000079a1000 	/usr/lib/libDiagnosticMessagesClient.dylib
0x00000000079a1000 	/System/Library/Frameworks/CoreServices.framework/Versions/A/CoreServices
0x00000000079a1000 	/System/Library/PrivateFrameworks/PerformanceAnalysis.framework/Versions/A/PerformanceAnalysis
0x00000000079a1000 	/System/Library/PrivateFrameworks/GenerationalStorage.framework/Versions/A/GenerationalStorage
0x00000000079a1000 	/System/Library/Frameworks/OpenGL.framework/Versions/A/OpenGL
0x00000000079a1000 	/System/Library/PrivateFrameworks/Sharing.framework/Versions/A/Sharing
0x00000000079a1000 	/System/Library/Frameworks/CoreGraphics.framework/Versions/A/CoreGraphics
0x00000000079a1000 	/System/Library/Frameworks/CoreText.framework/Versions/A/CoreText
0x00000000079a1000 	/System/Library/Frameworks/ImageIO.framework/Versions/A/ImageIO
0x00000000079a1000 	/usr/lib/libextension.dylib
0x00000000079a1000 	/System/Library/PrivateFrameworks/Backup.framework/Versions/A/Backup
0x00000000079a1000 	/usr/lib/libarchive.2.dylib
0x00000000079a1000 	/System/Library/Frameworks/CFNetwork.framework/Versions/A/CFNetwork
0x00000000079a1000 	/System/Library/Frameworks/SystemConfiguration.framework/Versions/A/SystemConfiguration
0x00000000079a1000 	/usr/lib/libCRFSuite.dylib
0x00000000079a1000 	/usr/lib/libc++.1.dylib
0x00000000079a1000 	/usr/lib/libc++abi.dylib
0x00000000079a1000 	/usr/lib/system/libcache.dylib
0x00000000079a1000 	/usr/lib/system/libcommonCrypto.dylib
0x00000000079a1000 	/usr/lib/system/libcompiler_rt.dylib
0x00000000079a1000 	/usr/lib/system/libcopyfile.dylib
0x00000000079a1000 	/usr/lib/system/libcorecrypto.dylib
0x00000000079a1000 	/usr/lib/system/libdispatch.dylib
0x00000000079a1000 	/usr/lib/system/libdyld.dylib
0x00000000079a1000 	/usr/lib/system/libkeymgr.dylib
0x00000000079a1000 	/usr/lib/system/liblaunch.dylib
0x00000000079a1000 	/usr/lib/system/libmacho.dylib
0x00000000079a1000 	/usr/lib/system/libquarantine.dylib
0x00000000079a1000 	/usr/lib/system/libremovefile.dylib
0x00000000079a1000 	/usr/lib/system/libsystem_asl.dylib
0x00000000079a1000 	/usr/lib/system/libsystem_blocks.dylib
0x00000000079a1000 	/usr/lib/system/libsystem_c.dylib
0x00000000079a1000 	/usr/lib/system/libsystem_configuration.dylib
0x00000000079a1000 	/usr/lib/system/libsystem_coreservices.dylib
0x00000000079a1000 	/usr/lib/system/libsystem_coretls.dylib
0x00000000079a1000 	/usr/lib/system/libsystem_dnssd.dylib
0x00000000079a1000 	/usr/lib/system/libsystem_info.dylib
0x00000000079a1000 	/usr/lib/system/libsystem_kernel.dylib
0x00000000079a1000 	/usr/lib/system/libsystem_m.dylib
0x00000000079a1000 	/usr/lib/system/libsystem_malloc.dylib
0x00000000079a1000 	/usr/lib/system/libsystem_network.dylib
0x00000000079a1000 	/usr/lib/system/libsystem_networkextension.dylib
0x00000000079a1000 	/usr/lib/system/libsystem_notify.dylib
0x00000000079a1000 	/usr/lib/system/libsystem_platform.dylib
0x00000000079a1000 	/usr/lib/system/libsystem_pthread.dylib
0x00000000079a1000 	/usr/lib/system/libsystem_sandbox.dylib
0x00000000079a1000 	/usr/lib/system/libsystem_secinit.dylib
0x00000000079a1000 	/usr/lib/system/libsystem_stats.dylib
0x00000000079a1000 	/usr/lib/system/libsystem_trace.dylib
0x00000000079a1000 	/usr/lib/system/libunc.dylib
0x00000000079a1000 	/usr/lib/system/libunwind.dylib
0x00000000079a1000 	/usr/lib/system/libxpc.dylib
0x00000000079a1000 	/usr/lib/libbz2.1.0.dylib
0x00000000079a1000 	/usr/lib/liblzma.5.dylib
0x00000000079a1000 	/usr/lib/libbsm.0.dylib
0x00000000079a1000 	/usr/lib/libsqlite3.dylib
0x00000000079a1000 	/usr/lib/system/libkxld.dylib
0x00000000079a1000 	/usr/lib/libxar.1.dylib
0x00000000079a1000 	/usr/lib/libpam.2.dylib
0x00000000079a1000 	/usr/lib/libOpenScriptingUtil.dylib
0x00000000079a1000 	/System/Library/Frameworks/CoreServices.framework/Versions/A/Frameworks/FSEvents.framework/Versions/A/FSEvents
0x00000000079a1000 	/System/Library/Frameworks/CoreServices.framework/Versions/A/Frameworks/CarbonCore.framework/Versions/A/CarbonCore
0x00000000079a1000 	/System/Library/Frameworks/CoreServices.framework/Versions/A/Frameworks/Metadata.framework/Versions/A/Metadata
0x00000000079a1000 	/System/Library/Frameworks/CoreServices.framework/Versions/A/Frameworks/OSServices.framework/Versions/A/OSServices
0x00000000079a1000 	/System/Library/Frameworks/CoreServices.framework/Versions/A/Frameworks/SearchKit.framework/Versions/A/SearchKit
0x00000000079a1000 	/System/Library/Frameworks/CoreServices.framework/Versions/A/Frameworks/AE.framework/Versions/A/AE
0x00000000079a1000 	/System/Library/Frameworks/CoreServices.framework/Versions/A/Frameworks/LaunchServices.framework/Versions/A/LaunchServices
0x00000000079a1000 	/System/Library/Frameworks/CoreServices.framework/Versions/A/Frameworks/DictionaryServices.framework/Versions/A/DictionaryServices
0x00000000079a1000 	/System/Library/Frameworks/NetFS.framework/Versions/A/NetFS
0x00000000079a1000 	/System/Library/PrivateFrameworks/NetAuth.framework/Versions/A/NetAuth
0x00000000079a1000 	/System/Library/PrivateFrameworks/login.framework/Versions/A/Frameworks/loginsupport.framework/Versions/A/loginsupport
0x00000000079a1000 	/System/Library/PrivateFrameworks/TCC.framework/Versions/A/TCC
0x00000000079a1000 	/usr/lib/libmecabra.dylib
0x00000000079a1000 	/System/Library/PrivateFrameworks/LanguageModeling.framework/Versions/A/LanguageModeling
0x00000000079a1000 	/usr/lib/libcmph.dylib
0x00000000079a1000 	/usr/lib/libiconv.2.dylib
0x00000000079a1000 	/System/Library/Frameworks/OpenDirectory.framework/Versions/A/Frameworks/CFOpenDirectory.framework/Versions/A/CFOpenDirectory
0x00000000079a1000 	/System/Library/Frameworks/ServiceManagement.framework/Versions/A/ServiceManagement
0x00000000079a1000 	/usr/lib/libxslt.1.dylib
0x00000000079a1000 	/System/Library/Frameworks/Carbon.framework/Versions/A/Frameworks/Ink.framework/Versions/A/Ink
0x00000000079a1000 	/System/Library/Frameworks/ApplicationServices.framework/Versions/A/Frameworks/ATS.framework/Versions/A/ATS
0x00000000079a1000 	/System/Library/Frameworks/ApplicationServices.framework/Versions/A/Frameworks/ColorSync.framework/Versions/A/ColorSync
0x00000000079a1000 	/System/Library/Frameworks/ApplicationServices.framework/Versions/A/Frameworks/HIServices.framework/Versions/A/HIServices
0x00000000079a1000 	/System/Library/Frameworks/ApplicationServices.framework/Versions/A/Frameworks/LangAnalysis.framework/Versions/A/LangAnalysis
0x00000000079a1000 	/System/Library/Frameworks/ApplicationServices.framework/Versions/A/Frameworks/PrintCore.framework/Versions/A/PrintCore
0x00000000079a1000 	/System/Library/Frameworks/ApplicationServices.framework/Versions/A/Frameworks/QD.framework/Versions/A/QD
0x00000000079a1000 	/System/Library/Frameworks/ApplicationServices.framework/Versions/A/Frameworks/SpeechSynthesis.framework/Versions/A/SpeechSynthesis
0x00000000079a1000 	/System/Library/Frameworks/Accelerate.framework/Versions/A/Accelerate
0x00000000079a1000 	/System/Library/Frameworks/Accelerate.framework/Versions/A/Frameworks/vImage.framework/Versions/A/vImage
0x00000000079a1000 	/System/Library/Frameworks/Accelerate.framework/Versions/A/Frameworks/vecLib.framework/Versions/A/vecLib
0x00000000079a1000 	/System/Library/Frameworks/Accelerate.framework/Versions/A/Frameworks/vecLib.framework/Versions/A/libvDSP.dylib
0x00000000079a1000 	/System/Library/Frameworks/Accelerate.framework/Versions/A/Frameworks/vecLib.framework/Versions/A/libvMisc.dylib
0x00000000079a1000 	/System/Library/Frameworks/Accelerate.framework/Versions/A/Frameworks/vecLib.framework/Versions/A/libLAPACK.dylib
0x00000000079a1000 	/System/Library/Frameworks/Accelerate.framework/Versions/A/Frameworks/vecLib.framework/Versions/A/libBLAS.dylib
0x00000000079a1000 	/System/Library/Frameworks/Accelerate.framework/Versions/A/Frameworks/vecLib.framework/Versions/A/libLinearAlgebra.dylib
0x00000000079a1000 	/System/Library/Frameworks/ApplicationServices.framework/Versions/A/Frameworks/ATS.framework/Versions/A/Resources/libFontParser.dylib
0x00000000079a1000 	/System/Library/Frameworks/ApplicationServices.framework/Versions/A/Frameworks/ATS.framework/Versions/A/Resources/libFontRegistry.dylib
0x00000000079a1000 	/System/Library/PrivateFrameworks/AppleVPA.framework/Versions/A/AppleVPA
0x00000000079a1000 	/System/Library/PrivateFrameworks/AppleJPEG.framework/Versions/A/AppleJPEG
0x00000000079a1000 	/System/Library/Frameworks/ImageIO.framework/Versions/A/Resources/libJPEG.dylib
0x00000000079a1000 	/System/Library/Frameworks/ImageIO.framework/Versions/A/Resources/libTIFF.dylib
0x00000000079a1000 	/System/Library/Frameworks/ImageIO.framework/Versions/A/Resources/libPng.dylib
0x00000000079a1000 	/System/Library/Frameworks/ImageIO.framework/Versions/A/Resources/libGIF.dylib
0x00000000079a1000 	/System/Library/Frameworks/ImageIO.framework/Versions/A/Resources/libJP2.dylib
0x00000000079a1000 	/System/Library/Frameworks/ImageIO.framework/Versions/A/Resources/libRadiance.dylib
0x00000000079a1000 	/System/Library/Frameworks/CoreVideo.framework/Versions/A/CoreVideo
0x00000000079a1000 	/System/Library/Frameworks/OpenGL.framework/Versions/A/Libraries/libGLU.dylib
0x00000000079a1000 	/System/Library/Frameworks/OpenGL.framework/Versions/A/Libraries/libGFXShared.dylib
0x00000000079a1000 	/System/Library/Frameworks/OpenGL.framework/Versions/A/Libraries/libGL.dylib
0x00000000079a1000 	/System/Library/Frameworks/OpenGL.framework/Versions/A/Libraries/libGLImage.dylib
0x00000000079a1000 	/System/Library/Frameworks/OpenGL.framework/Versions/A/Libraries/libCVMSPluginSupport.dylib
0x00000000079a1000 	/System/Library/Frameworks/OpenGL.framework/Versions/A/Libraries/libCoreVMClient.dylib
0x00000000079a1000 	/usr/lib/libcups.2.dylib
0x00000000079a1000 	/System/Library/Frameworks/Kerberos.framework/Versions/A/Kerberos
0x00000000079a1000 	/System/Library/Frameworks/GSS.framework/Versions/A/GSS
0x00000000079a1000 	/usr/lib/libresolv.9.dylib
0x00000000079a1000 	/System/Library/PrivateFrameworks/Heimdal.framework/Versions/A/Heimdal
0x00000000079a1000 	/usr/lib/libheimdal-asn1.dylib
0x00000000079a1000 	/System/Library/Frameworks/OpenDirectory.framework/Versions/A/OpenDirectory
0x00000000079a1000 	/System/Library/PrivateFrameworks/CommonAuth.framework/Versions/A/CommonAuth
0x00000000079a1000 	/System/Library/Frameworks/SecurityFoundation.framework/Versions/A/SecurityFoundation
0x00000000079a1000 	/System/Library/Frameworks/QuartzCore.framework/Versions/A/Frameworks/CoreImage.framework/Versions/A/CoreImage
0x00000000079a1000 	/System/Library/PrivateFrameworks/CrashReporterSupport.framework/Versions/A/CrashReporterSupport
0x00000000079a1000 	/System/Library/Frameworks/OpenCL.framework/Versions/A/OpenCL
0x00000000079a1000 	/System/Library/PrivateFrameworks/FaceCore.framework/Versions/A/FaceCore
0x00000000079a1000 	/System/Library/PrivateFrameworks/Ubiquity.framework/Versions/A/Ubiquity
0x00000000079a1000 	/System/Library/PrivateFrameworks/IconServices.framework/Versions/A/IconServices
0x00000000079a1000 	/System/Library/PrivateFrameworks/ChunkingLibrary.framework/Versions/A/ChunkingLibrary
0x00000000079a1000 	/System/Library/PrivateFrameworks/Apple80211.framework/Versions/A/Apple80211
0x00000000079a1000 	/System/Library/Frameworks/CoreWLAN.framework/Versions/A/CoreWLAN
0x00000000079a1000 	/System/Library/Frameworks/IOBluetooth.framework/Versions/A/IOBluetooth
0x00000000079a1000 	/System/Library/PrivateFrameworks/CoreWiFi.framework/Versions/A/CoreWiFi
0x00000000079a1000 	/System/Library/Frameworks/CoreBluetooth.framework/Versions/A/CoreBluetooth
0x00000000079a1000 	/System/Library/PrivateFrameworks/DebugSymbols.framework/Versions/A/DebugSymbols
0x00000000079a1000 	/System/Library/PrivateFrameworks/CoreSymbolication.framework/Versions/A/CoreSymbolication
0x00000000079a1000 	/System/Library/PrivateFrameworks/Symbolication.framework/Versions/A/Symbolication
0x00000000079a1000 	/System/Library/PrivateFrameworks/SpeechRecognitionCore.framework/Versions/A/SpeechRecognitionCore
0x0000000110a00000 	/Library/Java/JavaVirtualMachines/jdk1.8.0_25.jdk/Contents/Home/jre/lib/server/libjvm.dylib
0x00000000079a1000 	/usr/lib/libstdc++.6.dylib
0x000000010f976000 	/Library/Java/JavaVirtualMachines/jdk1.8.0_25.jdk/Contents/Home/jre/lib/libverify.dylib
0x000000010f984000 	/Library/Java/JavaVirtualMachines/jdk1.8.0_25.jdk/Contents/Home/jre/lib/libjava.dylib
0x000000010f9c2000 	/Library/Java/JavaVirtualMachines/jdk1.8.0_25.jdk/Contents/Home/jre/lib/libzip.dylib
0x000000012647f000 	/System/Library/Frameworks/JavaVM.framework/Frameworks/JavaRuntimeSupport.framework/JavaRuntimeSupport
0x0000000126497000 	/System/Library/Frameworks/JavaVM.framework/Versions/A/Frameworks/JavaNativeFoundation.framework/Versions/A/JavaNativeFoundation
0x00000001264ac000 	/System/Library/Frameworks/JavaVM.framework/Versions/A/JavaVM
0x00000000079a1000 	/System/Library/Frameworks/Carbon.framework/Versions/A/Carbon
0x00000001264b9000 	/System/Library/PrivateFrameworks/JavaLaunching.framework/Versions/A/JavaLaunching
0x00000000079a1000 	/System/Library/Frameworks/Carbon.framework/Versions/A/Frameworks/CommonPanels.framework/Versions/A/CommonPanels
0x00000000079a1000 	/System/Library/Frameworks/Carbon.framework/Versions/A/Frameworks/Help.framework/Versions/A/Help
0x00000000079a1000 	/System/Library/Frameworks/Carbon.framework/Versions/A/Frameworks/ImageCapture.framework/Versions/A/ImageCapture
0x00000000079a1000 	/System/Library/Frameworks/Carbon.framework/Versions/A/Frameworks/OpenScripting.framework/Versions/A/OpenScripting
0x00000000079a1000 	/System/Library/Frameworks/Carbon.framework/Versions/A/Frameworks/Print.framework/Versions/A/Print
0x00000000079a1000 	/System/Library/Frameworks/Carbon.framework/Versions/A/Frameworks/SecurityHI.framework/Versions/A/SecurityHI
0x00000001285a6000 	/Library/Java/JavaVirtualMachines/jdk1.8.0_25.jdk/Contents/Home/jre/lib/libprism_es2.dylib
0x00000000079a1000 	/System/Library/Frameworks/OpenGL.framework/Versions/A/Resources/GLEngine.bundle/GLEngine
0x00000000079a1000 	/System/Library/Frameworks/OpenGL.framework/Versions/A/Libraries/libGLProgrammability.dylib
0x0000000000000000 	/System/Library/Extensions/AppleIntelHD3000GraphicsGLDriver.bundle/Contents/MacOS/AppleIntelHD3000GraphicsGLDriver
0x0000000128623000 	/System/Library/PrivateFrameworks/GPUSupport.framework/Versions/A/Libraries/libGPUSupport.dylib
0x0000000000000000 	/System/Library/Extensions/AMDRadeonX3000GLDriver.bundle/Contents/MacOS/AMDRadeonX3000GLDriver
0x00000000079a1000 	/System/Library/PrivateFrameworks/IOAccelerator.framework/Versions/A/IOAccelerator
0x00000000079a1000 	/System/Library/PrivateFrameworks/GPUSupport.framework/Versions/A/Libraries/libGPUSupportMercury.dylib
0x00000000079a1000 	/System/Library/Frameworks/OpenGL.framework/Versions/A/Resources/GLRendererFloat.bundle/GLRendererFloat
0x00000000079a1000 	/System/Library/Frameworks/OpenCL.framework/Versions/A/Libraries/libcldcpuengine.dylib
0x00000000079a1000 	/System/Library/PrivateFrameworks/DiskImages.framework/Versions/A/DiskImages
0x00000000079a1000 	/System/Library/Frameworks/DiscRecording.framework/Versions/A/DiscRecording
0x00000000079a1000 	/usr/lib/libcsfde.dylib
0x00000000079a1000 	/usr/lib/libcurl.4.dylib
0x00000000079a1000 	/System/Library/PrivateFrameworks/MediaKit.framework/Versions/A/MediaKit
0x00000000079a1000 	/System/Library/PrivateFrameworks/ProtectedCloudStorage.framework/Versions/A/ProtectedCloudStorage
0x00000000079a1000 	/usr/lib/libCoreStorage.dylib
0x00000000079a1000 	/System/Library/PrivateFrameworks/EFILogin.framework/Versions/A/EFILogin
0x00000000079a1000 	/usr/lib/libutil.dylib
0x00000000079a1000 	/System/Library/PrivateFrameworks/FindMyDevice.framework/Versions/A/FindMyDevice
0x00000000079a1000 	/System/Library/Frameworks/LDAP.framework/Versions/A/LDAP
0x00000000079a1000 	/usr/lib/libsasl2.2.dylib
0x00000000079a1000 	/System/Library/PrivateFrameworks/CoreDaemon.framework/Versions/B/CoreDaemon
0x00000000079a1000 	/usr/lib/libcrypto.0.9.8.dylib
0x00000000079a1000 	/System/Library/PrivateFrameworks/AppleSRP.framework/Versions/A/AppleSRP
0x00000000079a1000 	/System/Library/PrivateFrameworks/TrustEvaluationAgent.framework/Versions/A/TrustEvaluationAgent
0x0000000128a7a000 	/Library/Java/JavaVirtualMachines/jdk1.8.0_25.jdk/Contents/Home/jre/lib/libglass.dylib
0x00000000079a1000 	/System/Library/PrivateFrameworks/CoreServicesInternal.framework/Versions/A/CoreServicesInternal
0x00000000079a1000 	/System/Library/PrivateFrameworks/CloudDocs.framework/Versions/A/CloudDocs
0x00000000079a1000 	/System/Library/PrivateFrameworks/CoreDuet.framework/Versions/A/CoreDuet
0x00000000079a1000 	/System/Library/Frameworks/CloudKit.framework/Versions/A/CloudKit
0x00000000079a1000 	/System/Library/PrivateFrameworks/ProtocolBuffer.framework/Versions/A/ProtocolBuffer
0x00000000079a1000 	/System/Library/PrivateFrameworks/CoreDuetDaemonProtocol.framework/Versions/A/CoreDuetDaemonProtocol
0x00000000079a1000 	/System/Library/PrivateFrameworks/CoreDuetDebugLogging.framework/Versions/A/CoreDuetDebugLogging
0x00000000079a1000 	/System/Library/Frameworks/CoreLocation.framework/Versions/A/CoreLocation
0x00000000079a1000 	/System/Library/Frameworks/Accounts.framework/Versions/A/Accounts
0x00000000079a1000 	/System/Library/PrivateFrameworks/ApplePushService.framework/Versions/A/ApplePushService
0x00000000079a1000 	/System/Library/PrivateFrameworks/GeoServices.framework/Versions/A/GeoServices
0x00000000079a1000 	/System/Library/PrivateFrameworks/OAuth.framework/Versions/A/OAuth
0x00000000079a1000 	/System/Library/Frameworks/CoreGraphics.framework/Versions/A/Resources/libCGCMS.A.dylib
0x00000000079a1000 	/System/Library/CoreServices/RawCamera.bundle/Contents/MacOS/RawCamera
0x00000000079a1000 	/System/Library/Frameworks/CoreGraphics.framework/Versions/A/Resources/libRIP.A.dylib
0x00000000079a1000 	/System/Library/PrivateFrameworks/FamilyControls.framework/Versions/A/FamilyControls
0x00000000079a1000 	/System/Library/PrivateFrameworks/CommerceKit.framework/Versions/A/Frameworks/CommerceCore.framework/Versions/A/CommerceCore
0x00000000079a1000 	/System/Library/PrivateFrameworks/SystemAdministration.framework/Versions/A/SystemAdministration
0x00000000079a1000 	/System/Library/PrivateFrameworks/AppContainer.framework/Versions/A/AppContainer
0x00000000079a1000 	/System/Library/PrivateFrameworks/SecCodeWrapper.framework/Versions/A/SecCodeWrapper
0x00000000079a1000 	/System/Library/Frameworks/DirectoryService.framework/Versions/A/DirectoryService
0x00000000079a1000 	/System/Library/PrivateFrameworks/LoginUIKit.framework/Versions/A/Frameworks/LoginUICore.framework/Versions/A/LoginUICore
0x00000000079a1000 	/usr/lib/libodfde.dylib
0x00000000079a1000 	/System/Library/Frameworks/CoreGraphics.framework/Versions/A/Resources/libCGXType.A.dylib
0x000000012a246000 	cl_kernels
0x000000012ca7a000 	/System/Library/Frameworks/OpenCL.framework/Versions/A/Libraries/ImageFormats/unorm8_bgra.dylib
0x000000012cbb4000 	cl_kernels

VM Arguments:
jvm_args: -Dfile.encoding=UTF-8 
java_command: qa.app.MainApp
java_class_path (initial): /Users/neeleshbagga/Documents/workspace/2110QA/bin:/Users/neeleshbagga/Downloads/eclipse/plugins/org.eclipse.fx.ide.css.jfx8_1.1.0.201411050807.jar:/Users/neeleshbagga/Downloads/controlsfx-8.0.6_20.jar
Launcher Type: SUN_STANDARD

Environment Variables:
PATH=/usr/bin:/bin:/usr/sbin:/sbin
SHELL=/bin/bash

Signal Handlers:
SIGSEGV: [libjvm.dylib+0x579dc7], sa_mask[0]=11111111011111110111111111111111, sa_flags=SA_ONSTACK|SA_RESTART|SA_SIGINFO
SIGBUS: [libjvm.dylib+0x579dc7], sa_mask[0]=11111111011111110111111111111111, sa_flags=SA_RESTART|SA_SIGINFO
SIGFPE: [libjvm.dylib+0x45b030], sa_mask[0]=11111111011111110111111111111111, sa_flags=SA_RESTART|SA_SIGINFO
SIGPIPE: [libjvm.dylib+0x45b030], sa_mask[0]=11111111011111110111111111111111, sa_flags=SA_RESTART|SA_SIGINFO
SIGXFSZ: [libjvm.dylib+0x45b030], sa_mask[0]=11111111011111110111111111111111, sa_flags=SA_RESTART|SA_SIGINFO
SIGILL: [libjvm.dylib+0x45b030], sa_mask[0]=11111111011111110111111111111111, sa_flags=SA_RESTART|SA_SIGINFO
SIGUSR1: SIG_DFL, sa_mask[0]=00000000000000000000000000000000, sa_flags=none
SIGUSR2: [libjvm.dylib+0x45ab4e], sa_mask[0]=00100000000000000000000000000000, sa_flags=SA_RESTART|SA_SIGINFO
SIGHUP: [libjvm.dylib+0x459121], sa_mask[0]=11111111011111110111111111111111, sa_flags=SA_RESTART|SA_SIGINFO
SIGINT: [libjvm.dylib+0x459121], sa_mask[0]=11111111011111110111111111111111, sa_flags=SA_RESTART|SA_SIGINFO
SIGTERM: [libjvm.dylib+0x459121], sa_mask[0]=11111111011111110111111111111111, sa_flags=SA_RESTART|SA_SIGINFO
SIGQUIT: [libjvm.dylib+0x459121], sa_mask[0]=11111111011111110111111111111111, sa_flags=SA_RESTART|SA_SIGINFO


---------------  S Y S T E M  ---------------

OS:Bsduname:Darwin 14.0.0 Darwin Kernel Version 14.0.0: Fri Sep 19 00:26:44 PDT 2014; root:xnu-2782.1.97~2/RELEASE_X86_64 x86_64
rlimit: STACK 8192k, CORE 0k, NPROC 709, NOFILE 10240, AS infinity
load average:2.09 2.16 2.08

CPU:total 8 (4 cores per cpu, 2 threads per core) family 6 model 42 stepping 7, cmov, cx8, fxsr, mmx, sse, sse2, sse3, ssse3, sse4.1, sse4.2, popcnt, avx, aes, clmul, ht, tsc, tscinvbit

Memory: 4k page, physical 4194304k(18156k free)

/proc/meminfo:


vm_info: Java HotSpot(TM) 64-Bit Server VM (25.25-b02) for bsd-amd64 JRE (1.8.0_25-b17), built on Sep 17 2014 16:56:50 by "java_re" with gcc 4.2.1 (Based on Apple Inc. build 5658) (LLVM build 2336.11.00)

time: Fri Jan 23 07:23:42 2015
elapsed time: 1 seconds (0d 0h 0m 1s)

