#
# A fatal error has been detected by the Java Runtime Environment:
#
#  SIGSEGV (0xb) at pc=0x00000001255c63fd, pid=5703, tid=1811
#
# JRE version: Java(TM) SE Runtime Environment (8.0_25-b17) (build 1.8.0_25-b17)
# Java VM: Java HotSpot(TM) 64-Bit Server VM (25.25-b02 mixed mode bsd-amd64 compressed oops)
# Problematic frame:
# C  [libglass.dylib+0x163fd]  GlassScreenDidChangeScreenParameters+0x9d
#
# Failed to write core dump. Core dumps have been disabled. To enable core dumping, try "ulimit -c unlimited" before starting Java again
#
# If you would like to submit a bug report, please visit:
#   http://bugreport.sun.com/bugreport/crash.jsp
#

---------------  T H R E A D  ---------------

Current thread is native thread

siginfo: si_signo: 11 (SIGSEGV), si_code: 1 (SEGV_MAPERR), si_addr: 0x0000000000000000

Registers:
RAX=0x00000001255f8e40, RBX=0x0000000000000000, RCX=0x77004a24b9df6a32, RDX=0x00007fbfc2d43240
RSP=0x00007fff53969100, RBP=0x00007fff53969110, RSI=0x00007fbfc5808948, RDI=0x0000000000000000
R8 =0x00007fff53968fb0, R9 =0x00007fff788f4300, R10=0x0000000000000000, R11=0x0000000000000246
R12=0x00007fbfc5b005b0, R13=0x00000000000f4268, R14=0x00007fbfc584b380, R15=0x00007fff53969250
RIP=0x00000001255c63fd, EFLAGS=0x0000000000010202, ERR=0x0000000000000004
  TRAPNO=0x000000000000000e

Top of Stack: (sp=0x00007fff53969100)
0x00007fff53969100:   00007fff539692e0 00007fbfc584b380
0x00007fff53969110:   00007fff53969120 00007fff95872cbc
0x00007fff53969120:   00007fff53969480 00007fff957641b4
0x00007fff53969130:   00007fbfc2e4c230 0000000000003200
0x00007fff53969140:   000000010c2ae000 00007fbfc59fc080
0x00007fff53969150:   0000000000001005 0000000000000288
0x00007fff53969160:   0000000000000006 00007fbfc584b380
0x00007fff53969170:   0000000000000000 00007fff53969250
0x00007fff53969180:   0000000000000000 00007fbfc584b260
0x00007fff53969190:   00007fff539692d0 000000000000001b
0x00007fff539691a0:   00000000000f4287 00007fbfc2f08860
0x00007fff539691b0:   00007fbfc2e367e0 00007fbfc5b005b0
0x00007fff539691c0:   0000000000000001 00000000000f4268
0x00007fff539691d0:   00007fbfc5b005a0 00007fff8dda9acb
0x00007fff539691e0:   0000000000000001 0000000000000001
0x00007fff539691f0:   0000000000000030 0000000000000001
0x00007fff53969200:   00007fff53969220 00007fff8ddaf231
0x00007fff53969210:   00007fff79bd9dd0 0000000000000000
0x00007fff53969220:   00007fff53969240 0000000000000000
0x00007fff53969230:   000035038dda953e 00007fbfc5b005d4
0x00007fff53969240:   0000000000000000 00007fff95759c8f
0x00007fff53969250:   00007fbfc584b380 00007fff79bd9dd0
0x00007fff53969260:   00007fff539692e0 0000000000000005
0x00007fff53969270:   00007fff539692b0 00007fff8dda953e
0x00007fff53969280:   000000010c2b1a00 0000000000000002
0x00007fff53969290:   000000010c2ae000 00007fbfc2f07c92
0x00007fff539692a0:   0000000000000003 000000010c2b4c00
0x00007fff539692b0:   00007fff539693a0 00007fff8dda82a2
0x00007fff539692c0:   00007fbfc2c31c70 00007fff53969488
0x00007fff539692d0:   0000000000000017 0000000000000000
0x00007fff539692e0:   00000000000f4268 00007fff95759f83
0x00007fff539692f0:   00007fff00000000 00007fbfc5835c80 

Instructions: (pc=0x00000001255c63fd)
0x00000001255c63dd:   89 df 4c 89 f1 41 ff 90 68 04 00 00 48 8d 05 58
0x00000001255c63ed:   29 03 00 48 8b 30 48 8d 05 46 2a 03 00 48 8b 10
0x00000001255c63fd:   48 8b 0b 30 c0 48 89 df ff 91 68 04 00 00 48 8b
0x00000001255c640d:   03 48 89 df ff 50 78 48 85 c0 74 36 49 89 c6 48 

Register to memory mapping:

RAX=0x00000001255f8e40: jScreenNotifySettingsChanged+0 in /Library/Java/JavaVirtualMachines/jdk1.8.0_25.jdk/Contents/Home/jre/lib/libglass.dylib at 0x00000001255b0000
RBX=0x0000000000000000 is an unknown value
RCX=0x77004a24b9df6a32 is an unknown value
RDX=0x00007fbfc2d43240 is an unknown value
RSP=0x00007fff53969100 is an unknown value
RBP=0x00007fff53969110 is an unknown value
RSI=0x00007fbfc5808948 is a global jni handle
RDI=0x0000000000000000 is an unknown value
R8 =0x00007fff53968fb0 is an unknown value
R9 =0x00007fff788f4300: _thread+0 in /usr/lib/system/libsystem_pthread.dylib at 0x00007fff8dd5d000
R10=0x0000000000000000 is an unknown value
R11=0x0000000000000246 is an unknown value
R12=0x00007fbfc5b005b0 is an unknown value
R13=0x00000000000f4268 is an unknown value
R14=0x00007fbfc584b380 is an unknown value
R15=0x00007fff53969250 is an unknown value


Stack: [0x00007fff5316c000,0x00007fff5396c000],  sp=0x00007fff53969100,  free space=8180k
Native frames: (J=compiled Java code, j=interpreted, Vv=VM code, C=native code)
C  [libglass.dylib+0x163fd]  GlassScreenDidChangeScreenParameters+0x9d
C  [CoreFoundation+0x11ecbc]  __CFNOTIFICATIONCENTER_IS_CALLING_OUT_TO_AN_OBSERVER__+0xc
C  [CoreFoundation+0x101b4]  _CFXNotificationPost+0xc44
C  [Foundation+0x2ea1]  -[NSNotificationCenter postNotificationName:object:userInfo:]+0x42
C  [AppKit+0x362dee]  -[NSApplication _reactToScreenInvalidationImmediately:]+0x17b
C  [AppKit+0x362c2d]  __44-[NSApplication _reactToScreenInvalidation:]_block_invoke+0x4b
C  [CoreFoundation+0x8054c]  __CFRUNLOOP_IS_CALLING_OUT_TO_A_BLOCK__+0xc
C  [CoreFoundation+0x72655]  __CFRunLoopDoBlocks+0x155
C  [CoreFoundation+0x72196]  __CFRunLoopRun+0x716
C  [CoreFoundation+0x71838]  CFRunLoopRunSpecific+0x128
C  [java+0x56cc]  CreateExecutionEnvironment+0x367
C  [java+0x165c]  JLI_Launch+0x7a0
C  [java+0x768a]  main+0x65
C  [java+0xeb4]  start+0x34


---------------  P R O C E S S  ---------------

VM state:at safepoint (normal execution)

VM Mutex/Monitor currently owned by a thread:  ([mutex/lock_event])
[0x00007fbfc5801b10] Threads_lock - owner thread: 0x00007fbfc600c800

Heap:
 PSYoungGen      total 18944K, used 9565K [0x00000007aab00000, 0x00000007ac000000, 0x00000007c0000000)
  eden space 16384K, 58% used [0x00000007aab00000,0x00000007ab457430,0x00000007abb00000)
  from space 2560K, 0% used [0x00000007abd80000,0x00000007abd80000,0x00000007ac000000)
  to   space 2560K, 0% used [0x00000007abb00000,0x00000007abb00000,0x00000007abd80000)
 ParOldGen       total 44032K, used 0K [0x0000000780000000, 0x0000000782b00000, 0x00000007aab00000)
  object space 44032K, 0% used [0x0000000780000000,0x0000000780000000,0x0000000782b00000)
 Metaspace       used 6760K, capacity 7082K, committed 7296K, reserved 1056768K
  class space    used 764K, capacity 836K, committed 896K, reserved 1048576K

Card table byte_map: [0x000000011d7df000,0x000000011d9e0000] byte_map_base: 0x0000000119bdf000

Marking Bits: (ParMarkBitMap*) 0x000000010dc9d390
 Begin Bits: [0x000000011e34e000, 0x000000011f34e000)
 End Bits:   [0x000000011f34e000, 0x000000012034e000)

Polling page: 0x000000010c3eb000

CodeCache: size=245760Kb used=2027Kb max_used=2036Kb free=243732Kb
 bounds [0x000000010e41f000, 0x000000010e68f000, 0x000000011d41f000]
 total_blobs=837 nmethods=454 adapters=298
 compilation: enabled

Compilation events (10 events):
Event: 1.810 Thread 0x00007fbfc601c000 nmethod 450 0x000000010e617a90 code [0x000000010e617be0, 0x000000010e617cf0]
Event: 1.810 Thread 0x00007fbfc601c000  451       3       java.nio.Buffer::position (43 bytes)
Event: 1.811 Thread 0x00007fbfc601c000 nmethod 451 0x000000010e617d50 code [0x000000010e617ec0, 0x000000010e618168]
Event: 1.811 Thread 0x00007fbfc601c000  452       3       java.nio.ByteBuffer::arrayOffset (35 bytes)
Event: 1.811 Thread 0x00007fbfc601c000 nmethod 452 0x000000010e618210 code [0x000000010e6183a0, 0x000000010e618698]
Event: 1.811 Thread 0x00007fbfc601c000  453       3       java.nio.CharBuffer::arrayOffset (35 bytes)
Event: 1.811 Thread 0x00007fbfc601c000 nmethod 453 0x000000010e6187d0 code [0x000000010e618960, 0x000000010e618c58]
Event: 1.813 Thread 0x00007fbfc3814800 nmethod 446 0x000000010e61bed0 code [0x000000010e61c040, 0x000000010e61c568]
Event: 1.814 Thread 0x00007fbfc601c000  454       3       java.util.regex.Pattern::has (15 bytes)
Event: 1.814 Thread 0x00007fbfc601c000 nmethod 454 0x000000010e61bb50 code [0x000000010e61bcc0, 0x000000010e61be70]

GC Heap History (0 events):
No events

Deoptimization events (0 events):
No events

Internal exceptions (10 events):
Event: 1.733 Thread 0x00007fbfc606c800 Exception <a 'java/security/PrivilegedActionException'> (0x00000007ab372360) thrown at [/HUDSON3/workspace/8-2-build-macosx-x86_64/jdk8u25/1514/hotspot/src/share/vm/prims/jvm.cpp, line 1312]
Event: 1.733 Thread 0x00007fbfc606c800 Exception <a 'java/security/PrivilegedActionException'> (0x00000007ab3750c0) thrown at [/HUDSON3/workspace/8-2-build-macosx-x86_64/jdk8u25/1514/hotspot/src/share/vm/prims/jvm.cpp, line 1312]
Event: 1.734 Thread 0x00007fbfc606c800 Exception <a 'java/security/PrivilegedActionException'> (0x00000007ab377c70) thrown at [/HUDSON3/workspace/8-2-build-macosx-x86_64/jdk8u25/1514/hotspot/src/share/vm/prims/jvm.cpp, line 1312]
Event: 1.769 Thread 0x00007fbfc606c800 Exception <a 'java/security/PrivilegedActionException'> (0x00000007ab3a05e0) thrown at [/HUDSON3/workspace/8-2-build-macosx-x86_64/jdk8u25/1514/hotspot/src/share/vm/prims/jvm.cpp, line 1312]
Event: 1.772 Thread 0x00007fbfc606c800 Exception <a 'java/security/PrivilegedActionException'> (0x00000007ab3a7928) thrown at [/HUDSON3/workspace/8-2-build-macosx-x86_64/jdk8u25/1514/hotspot/src/share/vm/prims/jvm.cpp, line 1312]
Event: 1.779 Thread 0x00007fbfc606c800 Exception <a 'java/security/PrivilegedActionException'> (0x00000007ab3af0d0) thrown at [/HUDSON3/workspace/8-2-build-macosx-x86_64/jdk8u25/1514/hotspot/src/share/vm/prims/jvm.cpp, line 1312]
Event: 1.785 Thread 0x00007fbfc606c800 Exception <a 'java/security/PrivilegedActionException'> (0x00000007ab3cab80) thrown at [/HUDSON3/workspace/8-2-build-macosx-x86_64/jdk8u25/1514/hotspot/src/share/vm/prims/jvm.cpp, line 1312]
Event: 1.786 Thread 0x00007fbfc606c800 Exception <a 'java/security/PrivilegedActionException'> (0x00000007ab3cd300) thrown at [/HUDSON3/workspace/8-2-build-macosx-x86_64/jdk8u25/1514/hotspot/src/share/vm/prims/jvm.cpp, line 1312]
Event: 1.791 Thread 0x00007fbfc606c800 Exception <a 'java/lang/reflect/InvocationTargetException'> (0x00000007ab3de730) thrown at [/HUDSON3/workspace/8-2-build-macosx-x86_64/jdk8u25/1514/hotspot/src/share/vm/runtime/reflection.cpp, line 1080]
Event: 1.808 Thread 0x00007fbfc6800000 Exception <a 'java/lang/reflect/InvocationTargetException'> (0x00000007ab070bf0) thrown at [/HUDSON3/workspace/8-2-build-macosx-x86_64/jdk8u25/1514/hotspot/src/share/vm/runtime/reflection.cpp, line 1080]

Events (10 events):
Event: 1.818 loading class java/util/Formatter$Flags done
Event: 1.819 loading class java/util/Formatter$Conversion
Event: 1.819 loading class java/util/Formatter$Conversion done
Event: 1.819 loading class java/util/Formattable
Event: 1.819 loading class java/util/Formattable done
Event: 1.819 loading class java/util/IdentityHashMap$KeyIterator
Event: 1.819 loading class java/util/IdentityHashMap$IdentityHashMapIterator
Event: 1.820 loading class java/util/IdentityHashMap$IdentityHashMapIterator done
Event: 1.820 loading class java/util/IdentityHashMap$KeyIterator done
Event: 1.820 Executing VM operation: Exit


Dynamic libraries:
0x00000000079a1000 	/System/Library/Frameworks/Cocoa.framework/Versions/A/Cocoa
0x00000000079a1000 	/System/Library/Frameworks/Security.framework/Versions/A/Security
0x00000000079a1000 	/System/Library/Frameworks/ApplicationServices.framework/Versions/A/ApplicationServices
0x00000000079a1000 	/usr/lib/libz.1.dylib
0x00000000079a1000 	/usr/lib/libSystem.B.dylib
0x00000000079a1000 	/usr/lib/libobjc.A.dylib
0x00000000079a1000 	/System/Library/Frameworks/CoreFoundation.framework/Versions/A/CoreFoundation
0x00000000079a1000 	/System/Library/Frameworks/Foundation.framework/Versions/C/Foundation
0x00000000079a1000 	/System/Library/Frameworks/AppKit.framework/Versions/C/AppKit
0x00000000079a1000 	/System/Library/Frameworks/CoreData.framework/Versions/A/CoreData
0x00000000079a1000 	/System/Library/PrivateFrameworks/RemoteViewServices.framework/Versions/A/RemoteViewServices
0x00000000079a1000 	/System/Library/PrivateFrameworks/UIFoundation.framework/Versions/A/UIFoundation
0x00000000079a1000 	/System/Library/Frameworks/IOSurface.framework/Versions/A/IOSurface
0x00000000079a1000 	/System/Library/Frameworks/AudioToolbox.framework/Versions/A/AudioToolbox
0x00000000079a1000 	/System/Library/Frameworks/AudioUnit.framework/Versions/A/AudioUnit
0x00000000079a1000 	/System/Library/PrivateFrameworks/DataDetectorsCore.framework/Versions/A/DataDetectorsCore
0x00000000079a1000 	/System/Library/PrivateFrameworks/DesktopServicesPriv.framework/Versions/A/DesktopServicesPriv
0x00000000079a1000 	/System/Library/Frameworks/Carbon.framework/Versions/A/Frameworks/HIToolbox.framework/Versions/A/HIToolbox
0x00000000079a1000 	/System/Library/Frameworks/QuartzCore.framework/Versions/A/QuartzCore
0x00000000079a1000 	/System/Library/Frameworks/Carbon.framework/Versions/A/Frameworks/SpeechRecognition.framework/Versions/A/SpeechRecognition
0x00000000079a1000 	/usr/lib/libauto.dylib
0x00000000079a1000 	/usr/lib/libicucore.A.dylib
0x00000000079a1000 	/usr/lib/libxml2.2.dylib
0x00000000079a1000 	/System/Library/PrivateFrameworks/CoreUI.framework/Versions/A/CoreUI
0x00000000079a1000 	/System/Library/Frameworks/CoreAudio.framework/Versions/A/CoreAudio
0x00000000079a1000 	/System/Library/Frameworks/DiskArbitration.framework/Versions/A/DiskArbitration
0x00000000079a1000 	/usr/lib/liblangid.dylib
0x00000000079a1000 	/System/Library/PrivateFrameworks/MultitouchSupport.framework/Versions/A/MultitouchSupport
0x00000000079a1000 	/System/Library/Frameworks/IOKit.framework/Versions/A/IOKit
0x00000000079a1000 	/usr/lib/libDiagnosticMessagesClient.dylib
0x00000000079a1000 	/System/Library/Frameworks/CoreServices.framework/Versions/A/CoreServices
0x00000000079a1000 	/System/Library/PrivateFrameworks/PerformanceAnalysis.framework/Versions/A/PerformanceAnalysis
0x00000000079a1000 	/System/Library/PrivateFrameworks/GenerationalStorage.framework/Versions/A/GenerationalStorage
0x00000000079a1000 	/System/Library/Frameworks/OpenGL.framework/Versions/A/OpenGL
0x00000000079a1000 	/System/Library/PrivateFrameworks/Sharing.framework/Versions/A/Sharing
0x00000000079a1000 	/System/Library/Frameworks/CoreGraphics.framework/Versions/A/CoreGraphics
0x00000000079a1000 	/System/Library/Frameworks/CoreText.framework/Versions/A/CoreText
0x00000000079a1000 	/System/Library/Frameworks/ImageIO.framework/Versions/A/ImageIO
0x00000000079a1000 	/usr/lib/libextension.dylib
0x00000000079a1000 	/System/Library/PrivateFrameworks/Backup.framework/Versions/A/Backup
0x00000000079a1000 	/usr/lib/libarchive.2.dylib
0x00000000079a1000 	/System/Library/Frameworks/CFNetwork.framework/Versions/A/CFNetwork
0x00000000079a1000 	/System/Library/Frameworks/SystemConfiguration.framework/Versions/A/SystemConfiguration
0x00000000079a1000 	/usr/lib/libCRFSuite.dylib
0x00000000079a1000 	/usr/lib/libc++.1.dylib
0x00000000079a1000 	/usr/lib/libc++abi.dylib
0x00000000079a1000 	/usr/lib/system/libcache.dylib
0x00000000079a1000 	/usr/lib/system/libcommonCrypto.dylib
0x00000000079a1000 	/usr/lib/system/libcompiler_rt.dylib
0x00000000079a1000 	/usr/lib/system/libcopyfile.dylib
0x00000000079a1000 	/usr/lib/system/libcorecrypto.dylib
0x00000000079a1000 	/usr/lib/system/libdispatch.dylib
0x00000000079a1000 	/usr/lib/system/libdyld.dylib
0x00000000079a1000 	/usr/lib/system/libkeymgr.dylib
0x00000000079a1000 	/usr/lib/system/liblaunch.dylib
0x00000000079a1000 	/usr/lib/system/libmacho.dylib
0x00000000079a1000 	/usr/lib/system/libquarantine.dylib
0x00000000079a1000 	/usr/lib/system/libremovefile.dylib
0x00000000079a1000 	/usr/lib/system/libsystem_asl.dylib
0x00000000079a1000 	/usr/lib/system/libsystem_blocks.dylib
0x00000000079a1000 	/usr/lib/system/libsystem_c.dylib
0x00000000079a1000 	/usr/lib/system/libsystem_configuration.dylib
0x00000000079a1000 	/usr/lib/system/libsystem_coreservices.dylib
0x00000000079a1000 	/usr/lib/system/libsystem_coretls.dylib
0x00000000079a1000 	/usr/lib/system/libsystem_dnssd.dylib
0x00000000079a1000 	/usr/lib/system/libsystem_info.dylib
0x00000000079a1000 	/usr/lib/system/libsystem_kernel.dylib
0x00000000079a1000 	/usr/lib/system/libsystem_m.dylib
0x00000000079a1000 	/usr/lib/system/libsystem_malloc.dylib
0x00000000079a1000 	/usr/lib/system/libsystem_network.dylib
0x00000000079a1000 	/usr/lib/system/libsystem_networkextension.dylib
0x00000000079a1000 	/usr/lib/system/libsystem_notify.dylib
0x00000000079a1000 	/usr/lib/system/libsystem_platform.dylib
0x00000000079a1000 	/usr/lib/system/libsystem_pthread.dylib
0x00000000079a1000 	/usr/lib/system/libsystem_sandbox.dylib
0x00000000079a1000 	/usr/lib/system/libsystem_secinit.dylib
0x00000000079a1000 	/usr/lib/system/libsystem_stats.dylib
0x00000000079a1000 	/usr/lib/system/libsystem_trace.dylib
0x00000000079a1000 	/usr/lib/system/libunc.dylib
0x00000000079a1000 	/usr/lib/system/libunwind.dylib
0x00000000079a1000 	/usr/lib/system/libxpc.dylib
0x00000000079a1000 	/usr/lib/libbz2.1.0.dylib
0x00000000079a1000 	/usr/lib/liblzma.5.dylib
0x00000000079a1000 	/usr/lib/libbsm.0.dylib
0x00000000079a1000 	/usr/lib/libsqlite3.dylib
0x00000000079a1000 	/usr/lib/system/libkxld.dylib
0x00000000079a1000 	/usr/lib/libxar.1.dylib
0x00000000079a1000 	/usr/lib/libpam.2.dylib
0x00000000079a1000 	/usr/lib/libOpenScriptingUtil.dylib
0x00000000079a1000 	/System/Library/Frameworks/CoreServices.framework/Versions/A/Frameworks/FSEvents.framework/Versions/A/FSEvents
0x00000000079a1000 	/System/Library/Frameworks/CoreServices.framework/Versions/A/Frameworks/CarbonCore.framework/Versions/A/CarbonCore
0x00000000079a1000 	/System/Library/Frameworks/CoreServices.framework/Versions/A/Frameworks/Metadata.framework/Versions/A/Metadata
0x00000000079a1000 	/System/Library/Frameworks/CoreServices.framework/Versions/A/Frameworks/OSServices.framework/Versions/A/OSServices
0x00000000079a1000 	/System/Library/Frameworks/CoreServices.framework/Versions/A/Frameworks/SearchKit.framework/Versions/A/SearchKit
0x00000000079a1000 	/System/Library/Frameworks/CoreServices.framework/Versions/A/Frameworks/AE.framework/Versions/A/AE
0x00000000079a1000 	/System/Library/Frameworks/CoreServices.framework/Versions/A/Frameworks/LaunchServices.framework/Versions/A/LaunchServices
0x00000000079a1000 	/System/Library/Frameworks/CoreServices.framework/Versions/A/Frameworks/DictionaryServices.framework/Versions/A/DictionaryServices
0x00000000079a1000 	/System/Library/Frameworks/NetFS.framework/Versions/A/NetFS
0x00000000079a1000 	/System/Library/PrivateFrameworks/NetAuth.framework/Versions/A/NetAuth
0x00000000079a1000 	/System/Library/PrivateFrameworks/login.framework/Versions/A/Frameworks/loginsupport.framework/Versions/A/loginsupport
0x00000000079a1000 	/System/Library/PrivateFrameworks/TCC.framework/Versions/A/TCC
0x00000000079a1000 	/usr/lib/libmecabra.dylib
0x00000000079a1000 	/System/Library/PrivateFrameworks/LanguageModeling.framework/Versions/A/LanguageModeling
0x00000000079a1000 	/usr/lib/libcmph.dylib
0x00000000079a1000 	/usr/lib/libiconv.2.dylib
0x00000000079a1000 	/System/Library/Frameworks/OpenDirectory.framework/Versions/A/Frameworks/CFOpenDirectory.framework/Versions/A/CFOpenDirectory
0x00000000079a1000 	/System/Library/Frameworks/ServiceManagement.framework/Versions/A/ServiceManagement
0x00000000079a1000 	/usr/lib/libxslt.1.dylib
0x00000000079a1000 	/System/Library/Frameworks/Carbon.framework/Versions/A/Frameworks/Ink.framework/Versions/A/Ink
0x00000000079a1000 	/System/Library/Frameworks/ApplicationServices.framework/Versions/A/Frameworks/ATS.framework/Versions/A/ATS
0x00000000079a1000 	/System/Library/Frameworks/ApplicationServices.framework/Versions/A/Frameworks/ColorSync.framework/Versions/A/ColorSync
0x00000000079a1000 	/System/Library/Frameworks/ApplicationServices.framework/Versions/A/Frameworks/HIServices.framework/Versions/A/HIServices
0x00000000079a1000 	/System/Library/Frameworks/ApplicationServices.framework/Versions/A/Frameworks/LangAnalysis.framework/Versions/A/LangAnalysis
0x00000000079a1000 	/System/Library/Frameworks/ApplicationServices.framework/Versions/A/Frameworks/PrintCore.framework/Versions/A/PrintCore
0x00000000079a1000 	/System/Library/Frameworks/ApplicationServices.framework/Versions/A/Frameworks/QD.framework/Versions/A/QD
0x00000000079a1000 	/System/Library/Frameworks/ApplicationServices.framework/Versions/A/Frameworks/SpeechSynthesis.framework/Versions/A/SpeechSynthesis
0x00000000079a1000 	/System/Library/Frameworks/Accelerate.framework/Versions/A/Accelerate
0x00000000079a1000 	/System/Library/Frameworks/Accelerate.framework/Versions/A/Frameworks/vImage.framework/Versions/A/vImage
0x00000000079a1000 	/System/Library/Frameworks/Accelerate.framework/Versions/A/Frameworks/vecLib.framework/Versions/A/vecLib
0x00000000079a1000 	/System/Library/Frameworks/Accelerate.framework/Versions/A/Frameworks/vecLib.framework/Versions/A/libvDSP.dylib
0x00000000079a1000 	/System/Library/Frameworks/Accelerate.framework/Versions/A/Frameworks/vecLib.framework/Versions/A/libvMisc.dylib
0x00000000079a1000 	/System/Library/Frameworks/Accelerate.framework/Versions/A/Frameworks/vecLib.framework/Versions/A/libLAPACK.dylib
0x00000000079a1000 	/System/Library/Frameworks/Accelerate.framework/Versions/A/Frameworks/vecLib.framework/Versions/A/libBLAS.dylib
0x00000000079a1000 	/System/Library/Frameworks/Accelerate.framework/Versions/A/Frameworks/vecLib.framework/Versions/A/libLinearAlgebra.dylib
0x00000000079a1000 	/System/Library/Frameworks/ApplicationServices.framework/Versions/A/Frameworks/ATS.framework/Versions/A/Resources/libFontParser.dylib
0x00000000079a1000 	/System/Library/Frameworks/ApplicationServices.framework/Versions/A/Frameworks/ATS.framework/Versions/A/Resources/libFontRegistry.dylib
0x00000000079a1000 	/System/Library/PrivateFrameworks/AppleVPA.framework/Versions/A/AppleVPA
0x00000000079a1000 	/System/Library/PrivateFrameworks/AppleJPEG.framework/Versions/A/AppleJPEG
0x00000000079a1000 	/System/Library/Frameworks/ImageIO.framework/Versions/A/Resources/libJPEG.dylib
0x00000000079a1000 	/System/Library/Frameworks/ImageIO.framework/Versions/A/Resources/libTIFF.dylib
0x00000000079a1000 	/System/Library/Frameworks/ImageIO.framework/Versions/A/Resources/libPng.dylib
0x00000000079a1000 	/System/Library/Frameworks/ImageIO.framework/Versions/A/Resources/libGIF.dylib
0x00000000079a1000 	/System/Library/Frameworks/ImageIO.framework/Versions/A/Resources/libJP2.dylib
0x00000000079a1000 	/System/Library/Frameworks/ImageIO.framework/Versions/A/Resources/libRadiance.dylib
0x00000000079a1000 	/System/Library/Frameworks/CoreVideo.framework/Versions/A/CoreVideo
0x00000000079a1000 	/System/Library/Frameworks/OpenGL.framework/Versions/A/Libraries/libGLU.dylib
0x00000000079a1000 	/System/Library/Frameworks/OpenGL.framework/Versions/A/Libraries/libGFXShared.dylib
0x00000000079a1000 	/System/Library/Frameworks/OpenGL.framework/Versions/A/Libraries/libGL.dylib
0x00000000079a1000 	/System/Library/Frameworks/OpenGL.framework/Versions/A/Libraries/libGLImage.dylib
0x00000000079a1000 	/System/Library/Frameworks/OpenGL.framework/Versions/A/Libraries/libCVMSPluginSupport.dylib
0x00000000079a1000 	/System/Library/Frameworks/OpenGL.framework/Versions/A/Libraries/libCoreVMClient.dylib
0x00000000079a1000 	/usr/lib/libcups.2.dylib
0x00000000079a1000 	/System/Library/Frameworks/Kerberos.framework/Versions/A/Kerberos
0x00000000079a1000 	/System/Library/Frameworks/GSS.framework/Versions/A/GSS
0x00000000079a1000 	/usr/lib/libresolv.9.dylib
0x00000000079a1000 	/System/Library/PrivateFrameworks/Heimdal.framework/Versions/A/Heimdal
0x00000000079a1000 	/usr/lib/libheimdal-asn1.dylib
0x00000000079a1000 	/System/Library/Frameworks/OpenDirectory.framework/Versions/A/OpenDirectory
0x00000000079a1000 	/System/Library/PrivateFrameworks/CommonAuth.framework/Versions/A/CommonAuth
0x00000000079a1000 	/System/Library/Frameworks/SecurityFoundation.framework/Versions/A/SecurityFoundation
0x00000000079a1000 	/System/Library/Frameworks/QuartzCore.framework/Versions/A/Frameworks/CoreImage.framework/Versions/A/CoreImage
0x00000000079a1000 	/System/Library/PrivateFrameworks/CrashReporterSupport.framework/Versions/A/CrashReporterSupport
0x00000000079a1000 	/System/Library/Frameworks/OpenCL.framework/Versions/A/OpenCL
0x00000000079a1000 	/System/Library/PrivateFrameworks/FaceCore.framework/Versions/A/FaceCore
0x00000000079a1000 	/System/Library/PrivateFrameworks/Ubiquity.framework/Versions/A/Ubiquity
0x00000000079a1000 	/System/Library/PrivateFrameworks/IconServices.framework/Versions/A/IconServices
0x00000000079a1000 	/System/Library/PrivateFrameworks/ChunkingLibrary.framework/Versions/A/ChunkingLibrary
0x00000000079a1000 	/System/Library/PrivateFrameworks/Apple80211.framework/Versions/A/Apple80211
0x00000000079a1000 	/System/Library/Frameworks/CoreWLAN.framework/Versions/A/CoreWLAN
0x00000000079a1000 	/System/Library/Frameworks/IOBluetooth.framework/Versions/A/IOBluetooth
0x00000000079a1000 	/System/Library/PrivateFrameworks/CoreWiFi.framework/Versions/A/CoreWiFi
0x00000000079a1000 	/System/Library/Frameworks/CoreBluetooth.framework/Versions/A/CoreBluetooth
0x00000000079a1000 	/System/Library/PrivateFrameworks/DebugSymbols.framework/Versions/A/DebugSymbols
0x00000000079a1000 	/System/Library/PrivateFrameworks/CoreSymbolication.framework/Versions/A/CoreSymbolication
0x00000000079a1000 	/System/Library/PrivateFrameworks/Symbolication.framework/Versions/A/Symbolication
0x00000000079a1000 	/System/Library/PrivateFrameworks/SpeechRecognitionCore.framework/Versions/A/SpeechRecognitionCore
0x000000010d400000 	/Library/Java/JavaVirtualMachines/jdk1.8.0_25.jdk/Contents/Home/jre/lib/server/libjvm.dylib
0x00000000079a1000 	/usr/lib/libstdc++.6.dylib
0x000000010c3a9000 	/Library/Java/JavaVirtualMachines/jdk1.8.0_25.jdk/Contents/Home/jre/lib/libverify.dylib
0x000000010c3b7000 	/Library/Java/JavaVirtualMachines/jdk1.8.0_25.jdk/Contents/Home/jre/lib/libjava.dylib
0x000000010c3f5000 	/Library/Java/JavaVirtualMachines/jdk1.8.0_25.jdk/Contents/Home/jre/lib/libzip.dylib
0x0000000122fb6000 	/System/Library/Frameworks/JavaVM.framework/Frameworks/JavaRuntimeSupport.framework/JavaRuntimeSupport
0x0000000122fce000 	/System/Library/Frameworks/JavaVM.framework/Versions/A/Frameworks/JavaNativeFoundation.framework/Versions/A/JavaNativeFoundation
0x0000000122fe3000 	/System/Library/Frameworks/JavaVM.framework/Versions/A/JavaVM
0x00000000079a1000 	/System/Library/Frameworks/Carbon.framework/Versions/A/Carbon
0x0000000122ff0000 	/System/Library/PrivateFrameworks/JavaLaunching.framework/Versions/A/JavaLaunching
0x00000000079a1000 	/System/Library/Frameworks/Carbon.framework/Versions/A/Frameworks/CommonPanels.framework/Versions/A/CommonPanels
0x00000000079a1000 	/System/Library/Frameworks/Carbon.framework/Versions/A/Frameworks/Help.framework/Versions/A/Help
0x00000000079a1000 	/System/Library/Frameworks/Carbon.framework/Versions/A/Frameworks/ImageCapture.framework/Versions/A/ImageCapture
0x00000000079a1000 	/System/Library/Frameworks/Carbon.framework/Versions/A/Frameworks/OpenScripting.framework/Versions/A/OpenScripting
0x00000000079a1000 	/System/Library/Frameworks/Carbon.framework/Versions/A/Frameworks/Print.framework/Versions/A/Print
0x00000000079a1000 	/System/Library/Frameworks/Carbon.framework/Versions/A/Frameworks/SecurityHI.framework/Versions/A/SecurityHI
0x00000001250dc000 	/Library/Java/JavaVirtualMachines/jdk1.8.0_25.jdk/Contents/Home/jre/lib/libprism_es2.dylib
0x00000000079a1000 	/System/Library/Frameworks/OpenGL.framework/Versions/A/Resources/GLEngine.bundle/GLEngine
0x00000000079a1000 	/System/Library/Frameworks/OpenGL.framework/Versions/A/Libraries/libGLProgrammability.dylib
0x0000000000000000 	/System/Library/Extensions/AppleIntelHD3000GraphicsGLDriver.bundle/Contents/MacOS/AppleIntelHD3000GraphicsGLDriver
0x0000000125159000 	/System/Library/PrivateFrameworks/GPUSupport.framework/Versions/A/Libraries/libGPUSupport.dylib
0x0000000000000000 	/System/Library/Extensions/AMDRadeonX3000GLDriver.bundle/Contents/MacOS/AMDRadeonX3000GLDriver
0x00000000079a1000 	/System/Library/PrivateFrameworks/IOAccelerator.framework/Versions/A/IOAccelerator
0x00000000079a1000 	/System/Library/PrivateFrameworks/GPUSupport.framework/Versions/A/Libraries/libGPUSupportMercury.dylib
0x00000000079a1000 	/System/Library/Frameworks/OpenGL.framework/Versions/A/Resources/GLRendererFloat.bundle/GLRendererFloat
0x00000000079a1000 	/System/Library/Frameworks/OpenCL.framework/Versions/A/Libraries/libcldcpuengine.dylib
0x00000000079a1000 	/System/Library/PrivateFrameworks/DiskImages.framework/Versions/A/DiskImages
0x00000000079a1000 	/System/Library/Frameworks/DiscRecording.framework/Versions/A/DiscRecording
0x00000000079a1000 	/usr/lib/libcsfde.dylib
0x00000000079a1000 	/usr/lib/libcurl.4.dylib
0x00000000079a1000 	/System/Library/PrivateFrameworks/MediaKit.framework/Versions/A/MediaKit
0x00000000079a1000 	/System/Library/PrivateFrameworks/ProtectedCloudStorage.framework/Versions/A/ProtectedCloudStorage
0x00000000079a1000 	/usr/lib/libCoreStorage.dylib
0x00000000079a1000 	/System/Library/PrivateFrameworks/EFILogin.framework/Versions/A/EFILogin
0x00000000079a1000 	/usr/lib/libutil.dylib
0x00000000079a1000 	/System/Library/PrivateFrameworks/FindMyDevice.framework/Versions/A/FindMyDevice
0x00000000079a1000 	/System/Library/Frameworks/LDAP.framework/Versions/A/LDAP
0x00000000079a1000 	/usr/lib/libsasl2.2.dylib
0x00000000079a1000 	/System/Library/PrivateFrameworks/CoreDaemon.framework/Versions/B/CoreDaemon
0x00000000079a1000 	/usr/lib/libcrypto.0.9.8.dylib
0x00000000079a1000 	/System/Library/PrivateFrameworks/AppleSRP.framework/Versions/A/AppleSRP
0x00000000079a1000 	/System/Library/PrivateFrameworks/TrustEvaluationAgent.framework/Versions/A/TrustEvaluationAgent
0x00000001255b0000 	/Library/Java/JavaVirtualMachines/jdk1.8.0_25.jdk/Contents/Home/jre/lib/libglass.dylib
0x00000000079a1000 	/System/Library/PrivateFrameworks/CoreServicesInternal.framework/Versions/A/CoreServicesInternal
0x00000000079a1000 	/System/Library/PrivateFrameworks/CloudDocs.framework/Versions/A/CloudDocs
0x00000000079a1000 	/System/Library/PrivateFrameworks/CoreDuet.framework/Versions/A/CoreDuet
0x00000000079a1000 	/System/Library/Frameworks/CloudKit.framework/Versions/A/CloudKit
0x00000000079a1000 	/System/Library/PrivateFrameworks/ProtocolBuffer.framework/Versions/A/ProtocolBuffer
0x00000000079a1000 	/System/Library/PrivateFrameworks/CoreDuetDaemonProtocol.framework/Versions/A/CoreDuetDaemonProtocol
0x00000000079a1000 	/System/Library/PrivateFrameworks/CoreDuetDebugLogging.framework/Versions/A/CoreDuetDebugLogging
0x00000000079a1000 	/System/Library/Frameworks/CoreLocation.framework/Versions/A/CoreLocation
0x00000000079a1000 	/System/Library/Frameworks/Accounts.framework/Versions/A/Accounts
0x00000000079a1000 	/System/Library/PrivateFrameworks/ApplePushService.framework/Versions/A/ApplePushService
0x00000000079a1000 	/System/Library/PrivateFrameworks/GeoServices.framework/Versions/A/GeoServices
0x00000000079a1000 	/System/Library/PrivateFrameworks/OAuth.framework/Versions/A/OAuth
0x00000000079a1000 	/System/Library/Frameworks/CoreGraphics.framework/Versions/A/Resources/libCGCMS.A.dylib
0x00000000079a1000 	/System/Library/CoreServices/RawCamera.bundle/Contents/MacOS/RawCamera
0x00000000079a1000 	/System/Library/Frameworks/CoreGraphics.framework/Versions/A/Resources/libRIP.A.dylib
0x00000000079a1000 	/System/Library/PrivateFrameworks/FamilyControls.framework/Versions/A/FamilyControls
0x00000000079a1000 	/System/Library/PrivateFrameworks/CommerceKit.framework/Versions/A/Frameworks/CommerceCore.framework/Versions/A/CommerceCore
0x00000000079a1000 	/System/Library/PrivateFrameworks/SystemAdministration.framework/Versions/A/SystemAdministration
0x00000000079a1000 	/System/Library/PrivateFrameworks/AppContainer.framework/Versions/A/AppContainer
0x00000000079a1000 	/System/Library/PrivateFrameworks/SecCodeWrapper.framework/Versions/A/SecCodeWrapper
0x00000000079a1000 	/System/Library/Frameworks/DirectoryService.framework/Versions/A/DirectoryService
0x00000000079a1000 	/System/Library/PrivateFrameworks/LoginUIKit.framework/Versions/A/Frameworks/LoginUICore.framework/Versions/A/LoginUICore
0x00000000079a1000 	/usr/lib/libodfde.dylib

VM Arguments:
jvm_args: -Dfile.encoding=UTF-8 
java_command: qa.app.MainApp
java_class_path (initial): /Users/neeleshbagga/Documents/workspace/2110QA/bin:/Users/neeleshbagga/Downloads/eclipse/plugins/org.eclipse.fx.ide.css.jfx8_1.1.0.201411050807.jar:/Users/neeleshbagga/Downloads/controlsfx-8.0.6_20.jar
Launcher Type: SUN_STANDARD

Environment Variables:
PATH=/usr/bin:/bin:/usr/sbin:/sbin
SHELL=/bin/bash

Signal Handlers:
SIGSEGV: [libjvm.dylib+0x579dc7], sa_mask[0]=11111111011111110111111111111111, sa_flags=SA_ONSTACK|SA_RESTART|SA_SIGINFO
SIGBUS: [libjvm.dylib+0x579dc7], sa_mask[0]=11111111011111110111111111111111, sa_flags=SA_RESTART|SA_SIGINFO
SIGFPE: [libjvm.dylib+0x45b030], sa_mask[0]=11111111011111110111111111111111, sa_flags=SA_RESTART|SA_SIGINFO
SIGPIPE: [libjvm.dylib+0x45b030], sa_mask[0]=11111111011111110111111111111111, sa_flags=SA_RESTART|SA_SIGINFO
SIGXFSZ: [libjvm.dylib+0x45b030], sa_mask[0]=11111111011111110111111111111111, sa_flags=SA_RESTART|SA_SIGINFO
SIGILL: [libjvm.dylib+0x45b030], sa_mask[0]=11111111011111110111111111111111, sa_flags=SA_RESTART|SA_SIGINFO
SIGUSR1: SIG_DFL, sa_mask[0]=00000000000000000000000000000000, sa_flags=none
SIGUSR2: [libjvm.dylib+0x45ab4e], sa_mask[0]=00100000000000000000000000000000, sa_flags=SA_RESTART|SA_SIGINFO
SIGHUP: [libjvm.dylib+0x459121], sa_mask[0]=11111111011111110111111111111111, sa_flags=SA_RESTART|SA_SIGINFO
SIGINT: [libjvm.dylib+0x459121], sa_mask[0]=11111111011111110111111111111111, sa_flags=SA_RESTART|SA_SIGINFO
SIGTERM: [libjvm.dylib+0x459121], sa_mask[0]=11111111011111110111111111111111, sa_flags=SA_RESTART|SA_SIGINFO
SIGQUIT: [libjvm.dylib+0x459121], sa_mask[0]=11111111011111110111111111111111, sa_flags=SA_RESTART|SA_SIGINFO


---------------  S Y S T E M  ---------------

OS:Bsduname:Darwin 14.0.0 Darwin Kernel Version 14.0.0: Fri Sep 19 00:26:44 PDT 2014; root:xnu-2782.1.97~2/RELEASE_X86_64 x86_64
rlimit: STACK 8192k, CORE 0k, NPROC 709, NOFILE 10240, AS infinity
load average:2.71 2.26 2.10

CPU:total 8 (4 cores per cpu, 2 threads per core) family 6 model 42 stepping 7, cmov, cx8, fxsr, mmx, sse, sse2, sse3, ssse3, sse4.1, sse4.2, popcnt, avx, aes, clmul, ht, tsc, tscinvbit

Memory: 4k page, physical 4194304k(70912k free)

/proc/meminfo:


vm_info: Java HotSpot(TM) 64-Bit Server VM (25.25-b02) for bsd-amd64 JRE (1.8.0_25-b17), built on Sep 17 2014 16:56:50 by "java_re" with gcc 4.2.1 (Based on Apple Inc. build 5658) (LLVM build 2336.11.00)

time: Fri Jan 23 07:19:14 2015
elapsed time: 1 seconds (0d 0h 0m 1s)

